<?xml version="1.0" encoding="UTF-8"?>
<!-- Generated by org.testng.reporters.JUnitXMLReporter -->
<testsuite ignored="26" hostname="ip-192-168-0-137.eu-west-1.compute.internal" failures="0" tests="14" name="USOB_Flow_STS_Tests" time="10.717" errors="0" timestamp="2021-08-10T13:19:54 EDT">
  <testcase classname="USOB_Flow_SmokeTest_Suite.fetch_co_applicant_data_MainApplicant_1" name="FetchApplicant" time="2.72"/>
  <testcase classname="USOB_Flow_SmokeTest_Suite.select_products_2" name="SelectProduct" time="0.58"/>
  <testcase classname="USOB_Flow_SmokeTest_Suite.PoliciesAgreement_3" name="PoliciesAgreement" time="0.543"/>
  <testcase classname="USOB_Flow_SmokeTest_Suite.SubmitAnchorData_4" name="SubmitAnchorData" time="0.538"/>
  <testcase classname="USOB_Flow_SmokeTest_Suite.RequestOTP_5" name="RequestOTP" time="0.461"/>
  <testcase classname="USOB_Flow_SmokeTest_Suite.VerifyOTP_6" name="VerifyOTP" time="0.97"/>
  <testcase classname="USOB_Flow_SmokeTest_Suite.Submit_IdentityVerification_7" name="Submit_IdentityVerification" time="0.531"/>
  <testcase classname="USOB_Flow_SmokeTest_Suite.Submit_Address_8" name="Submit_Address" time="0.491"/>
  <testcase classname="USOB_Flow_SmokeTest_Suite.AccountTypeSelector_9" name="AccountTypeSelector" time="0.519"/>
  <testcase classname="USOB_Flow_SmokeTest_Suite.CitizenshipSelector_10" name="CitizenshipSelector" time="0.502"/>
  <testcase classname="USOB_Flow_SmokeTest_Suite.Submit_SSN_11" name="Submit_SSN" time="0.483"/>
  <testcase classname="USOB_Flow_SmokeTest_Suite.Submit_KYC_Data_12" name="Submit_KYC_Data" time="1.13"/>
  <testcase classname="USOB_Flow_SmokeTest_Suite.IdentityVerified_13" name="IdentityVerified" time="0.421"/>
  <testcase classname="USOB_Flow_SmokeTest_Suite.SetupCredentials_14" name="SetupCredentials" time="0.469"/>
  <testcase classname="utilities.baseRunner" name="@BeforeTest setup_Fun" time="0.0">
    <ignored/>
  </testcase> <!-- @BeforeTest setup_Fun -->
  <testcase classname="utilities.baseRunner" name="@BeforeTest setup_Fun" time="0.0">
    <ignored/>
  </testcase> <!-- @BeforeTest setup_Fun -->
  <testcase classname="utilities.baseRunner" name="@BeforeTest setup_Fun" time="0.0">
    <ignored/>
  </testcase> <!-- @BeforeTest setup_Fun -->
  <testcase classname="utilities.baseRunner" name="@BeforeTest setup_Fun" time="0.0">
    <ignored/>
  </testcase> <!-- @BeforeTest setup_Fun -->
  <testcase classname="utilities.baseRunner" name="@BeforeTest setup_Fun" time="0.0">
    <ignored/>
  </testcase> <!-- @BeforeTest setup_Fun -->
  <testcase classname="utilities.baseRunner" name="@BeforeTest setup_Fun" time="0.0">
    <ignored/>
  </testcase> <!-- @BeforeTest setup_Fun -->
  <testcase classname="utilities.baseRunner" name="@BeforeTest setup_Fun" time="0.0">
    <ignored/>
  </testcase> <!-- @BeforeTest setup_Fun -->
  <testcase classname="utilities.baseRunner" name="@BeforeTest setup_Fun" time="0.0">
    <ignored/>
  </testcase> <!-- @BeforeTest setup_Fun -->
  <testcase classname="utilities.baseRunner" name="@BeforeTest setup_Fun" time="0.0">
    <ignored/>
  </testcase> <!-- @BeforeTest setup_Fun -->
  <testcase classname="utilities.baseRunner" name="@BeforeTest setup_Fun" time="0.0">
    <ignored/>
  </testcase> <!-- @BeforeTest setup_Fun -->
  <testcase classname="utilities.baseRunner" name="@BeforeTest setup_Fun" time="0.0">
    <ignored/>
  </testcase> <!-- @BeforeTest setup_Fun -->
  <testcase classname="utilities.baseRunner" name="@BeforeTest setup_Fun" time="0.0">
    <ignored/>
  </testcase> <!-- @BeforeTest setup_Fun -->
  <testcase classname="utilities.baseRunner" name="@BeforeTest setup_Fun" time="0.0">
    <ignored/>
  </testcase> <!-- @BeforeTest setup_Fun -->
  <testcase classname="USOB_Flow_SmokeTest_Suite.Submit_IdentityVerification_7" name="@AfterTest TearDown" time="0.0">
    <ignored/>
  </testcase> <!-- @AfterTest TearDown -->
  <testcase classname="USOB_Flow_SmokeTest_Suite.IdentityVerified_13" name="@AfterTest TearDown" time="0.0">
    <ignored/>
  </testcase> <!-- @AfterTest TearDown -->
  <testcase classname="USOB_Flow_SmokeTest_Suite.SubmitAnchorData_4" name="@AfterTest TearDown" time="0.0">
    <ignored/>
  </testcase> <!-- @AfterTest TearDown -->
  <testcase classname="USOB_Flow_SmokeTest_Suite.CitizenshipSelector_10" name="@AfterTest TearDown" time="0.0">
    <ignored/>
  </testcase> <!-- @AfterTest TearDown -->
  <testcase classname="USOB_Flow_SmokeTest_Suite.select_products_2" name="@AfterTest TearDown" time="0.0">
    <ignored/>
  </testcase> <!-- @AfterTest TearDown -->
  <testcase classname="USOB_Flow_SmokeTest_Suite.RequestOTP_5" name="@AfterTest TearDown" time="0.0">
    <ignored/>
  </testcase> <!-- @AfterTest TearDown -->
  <testcase classname="USOB_Flow_SmokeTest_Suite.VerifyOTP_6" name="@AfterTest TearDown" time="0.0">
    <ignored/>
  </testcase> <!-- @AfterTest TearDown -->
  <testcase classname="USOB_Flow_SmokeTest_Suite.Submit_KYC_Data_12" name="@AfterTest TearDown" time="0.0">
    <ignored/>
  </testcase> <!-- @AfterTest TearDown -->
  <testcase classname="USOB_Flow_SmokeTest_Suite.AccountTypeSelector_9" name="@AfterTest TearDown" time="0.0">
    <ignored/>
  </testcase> <!-- @AfterTest TearDown -->
  <testcase classname="USOB_Flow_SmokeTest_Suite.Submit_Address_8" name="@AfterTest TearDown" time="0.0">
    <ignored/>
  </testcase> <!-- @AfterTest TearDown -->
  <testcase classname="USOB_Flow_SmokeTest_Suite.SetupCredentials_14" name="@AfterTest TearDown" time="0.0">
    <ignored/>
  </testcase> <!-- @AfterTest TearDown -->
  <testcase classname="USOB_Flow_SmokeTest_Suite.PoliciesAgreement_3" name="@AfterTest TearDown" time="0.0">
    <ignored/>
  </testcase> <!-- @AfterTest TearDown -->
  <testcase classname="USOB_Flow_SmokeTest_Suite.Submit_SSN_11" name="@AfterTest TearDown" time="0.0">
    <ignored/>
  </testcase> <!-- @AfterTest TearDown -->
</testsuite> <!-- USOB_Flow_STS_Tests -->
