<?xml version="1.0" encoding="UTF-8"?>
<!-- Generated by org.testng.reporters.JUnitXMLReporter -->
<testsuite ignored="26" hostname="ip-192-168-0-137.eu-west-1.compute.internal" failures="0" tests="14" name="Test" time="13.093" errors="0" timestamp="2021-08-09T12:04:10 EDT">
  <testcase classname="USOB_Flow_SmokeTest_Suite.fetch_co_applicant_data_MainApplicant_1" name="FetchApplicant" time="2.459"/>
  <testcase classname="USOB_Flow_SmokeTest_Suite.select_products_2" name="SelectProduct" time="0.942"/>
  <testcase classname="USOB_Flow_SmokeTest_Suite.PoliciesAgreement_3" name="PoliciesAgreement" time="0.835"/>
  <testcase classname="USOB_Flow_SmokeTest_Suite.SubmitAnchorData_4" name="SubmitAnchorData" time="0.855"/>
  <testcase classname="USOB_Flow_SmokeTest_Suite.RequestOTP_5" name="RequestOTP" time="0.505"/>
  <testcase classname="USOB_Flow_SmokeTest_Suite.VerifyOTP_6" name="VerifyOTP" time="1.533"/>
  <testcase classname="USOB_Flow_SmokeTest_Suite.Submit_IdentityVerification_7" name="Submit_IdentityVerification" time="0.552"/>
  <testcase classname="USOB_Flow_SmokeTest_Suite.Submit_Address_8" name="Submit_Address" time="0.58"/>
  <testcase classname="USOB_Flow_SmokeTest_Suite.AccountTypeSelector_9" name="AccountTypeSelector" time="0.565"/>
  <testcase classname="USOB_Flow_SmokeTest_Suite.CitizenshipSelector_10" name="CitizenshipSelector" time="0.601"/>
  <testcase classname="USOB_Flow_SmokeTest_Suite.Submit_SSN_11" name="Submit_SSN" time="0.551"/>
  <testcase classname="USOB_Flow_SmokeTest_Suite.Submit_KYC_Data_12" name="Submit_KYC_Data" time="1.754"/>
  <testcase classname="USOB_Flow_SmokeTest_Suite.IdentityVerified_13" name="IdentityVerified" time="0.453"/>
  <testcase classname="USOB_Flow_SmokeTest_Suite.SetupCredentials_14" name="SetupCredentials" time="0.563"/>
  <testcase classname="utilities.baseRunner" name="@BeforeTest setup_Fun" time="0.0">
    <ignored/>
  </testcase> <!-- @BeforeTest setup_Fun -->
  <testcase classname="utilities.baseRunner" name="@BeforeTest setup_Fun" time="0.0">
    <ignored/>
  </testcase> <!-- @BeforeTest setup_Fun -->
  <testcase classname="utilities.baseRunner" name="@BeforeTest setup_Fun" time="0.0">
    <ignored/>
  </testcase> <!-- @BeforeTest setup_Fun -->
  <testcase classname="utilities.baseRunner" name="@BeforeTest setup_Fun" time="0.0">
    <ignored/>
  </testcase> <!-- @BeforeTest setup_Fun -->
  <testcase classname="utilities.baseRunner" name="@BeforeTest setup_Fun" time="0.0">
    <ignored/>
  </testcase> <!-- @BeforeTest setup_Fun -->
  <testcase classname="utilities.baseRunner" name="@BeforeTest setup_Fun" time="0.0">
    <ignored/>
  </testcase> <!-- @BeforeTest setup_Fun -->
  <testcase classname="utilities.baseRunner" name="@BeforeTest setup_Fun" time="0.0">
    <ignored/>
  </testcase> <!-- @BeforeTest setup_Fun -->
  <testcase classname="utilities.baseRunner" name="@BeforeTest setup_Fun" time="0.0">
    <ignored/>
  </testcase> <!-- @BeforeTest setup_Fun -->
  <testcase classname="utilities.baseRunner" name="@BeforeTest setup_Fun" time="0.0">
    <ignored/>
  </testcase> <!-- @BeforeTest setup_Fun -->
  <testcase classname="utilities.baseRunner" name="@BeforeTest setup_Fun" time="0.0">
    <ignored/>
  </testcase> <!-- @BeforeTest setup_Fun -->
  <testcase classname="utilities.baseRunner" name="@BeforeTest setup_Fun" time="0.0">
    <ignored/>
  </testcase> <!-- @BeforeTest setup_Fun -->
  <testcase classname="utilities.baseRunner" name="@BeforeTest setup_Fun" time="0.0">
    <ignored/>
  </testcase> <!-- @BeforeTest setup_Fun -->
  <testcase classname="utilities.baseRunner" name="@BeforeTest setup_Fun" time="0.0">
    <ignored/>
  </testcase> <!-- @BeforeTest setup_Fun -->
  <testcase classname="USOB_Flow_SmokeTest_Suite.Submit_IdentityVerification_7" name="@AfterTest TearDown" time="0.0">
    <ignored/>
  </testcase> <!-- @AfterTest TearDown -->
  <testcase classname="USOB_Flow_SmokeTest_Suite.IdentityVerified_13" name="@AfterTest TearDown" time="0.0">
    <ignored/>
  </testcase> <!-- @AfterTest TearDown -->
  <testcase classname="USOB_Flow_SmokeTest_Suite.SubmitAnchorData_4" name="@AfterTest TearDown" time="0.0">
    <ignored/>
  </testcase> <!-- @AfterTest TearDown -->
  <testcase classname="USOB_Flow_SmokeTest_Suite.CitizenshipSelector_10" name="@AfterTest TearDown" time="0.0">
    <ignored/>
  </testcase> <!-- @AfterTest TearDown -->
  <testcase classname="USOB_Flow_SmokeTest_Suite.select_products_2" name="@AfterTest TearDown" time="0.0">
    <ignored/>
  </testcase> <!-- @AfterTest TearDown -->
  <testcase classname="USOB_Flow_SmokeTest_Suite.RequestOTP_5" name="@AfterTest TearDown" time="0.0">
    <ignored/>
  </testcase> <!-- @AfterTest TearDown -->
  <testcase classname="USOB_Flow_SmokeTest_Suite.VerifyOTP_6" name="@AfterTest TearDown" time="0.0">
    <ignored/>
  </testcase> <!-- @AfterTest TearDown -->
  <testcase classname="USOB_Flow_SmokeTest_Suite.Submit_KYC_Data_12" name="@AfterTest TearDown" time="0.0">
    <ignored/>
  </testcase> <!-- @AfterTest TearDown -->
  <testcase classname="USOB_Flow_SmokeTest_Suite.AccountTypeSelector_9" name="@AfterTest TearDown" time="0.0">
    <ignored/>
  </testcase> <!-- @AfterTest TearDown -->
  <testcase classname="USOB_Flow_SmokeTest_Suite.Submit_Address_8" name="@AfterTest TearDown" time="0.0">
    <ignored/>
  </testcase> <!-- @AfterTest TearDown -->
  <testcase classname="USOB_Flow_SmokeTest_Suite.SetupCredentials_14" name="@AfterTest TearDown" time="0.0">
    <ignored/>
  </testcase> <!-- @AfterTest TearDown -->
  <testcase classname="USOB_Flow_SmokeTest_Suite.PoliciesAgreement_3" name="@AfterTest TearDown" time="0.0">
    <ignored/>
  </testcase> <!-- @AfterTest TearDown -->
  <testcase classname="USOB_Flow_SmokeTest_Suite.Submit_SSN_11" name="@AfterTest TearDown" time="0.0">
    <ignored/>
  </testcase> <!-- @AfterTest TearDown -->
</testsuite> <!-- Test -->
