<?xml version="1.0" encoding="UTF-8"?>
<!-- Generated by org.testng.reporters.JUnitXMLReporter -->
<testsuite ignored="2" hostname="ustpalu1670.local" failures="0" tests="2" name="SmokeTest_Tests" time="37.005" errors="0" timestamp="2021-09-21T10:14:10 EDT">
  <testcase classname="utilities.global_Functions" name="@BeforeTest setup_Fun" time="36.96">
    <failure type="java.lang.NullPointerException">
      <![CDATA[java.lang.NullPointerException
at java.base/java.util.concurrent.ConcurrentHashMap.putVal(ConcurrentHashMap.java:1011)
at java.base/java.util.concurrent.ConcurrentHashMap.put(ConcurrentHashMap.java:1006)
at java.base/java.util.Properties.put(Properties.java:1334)
at java.base/java.util.Properties.setProperty(Properties.java:229)
at utilities.global_Functions.setProperties(global_Functions.java:323)
at utilities.global_Functions.setup_Fun(global_Functions.java:81)
... Removed 24 stack frames]]>
    </failure>
  </testcase> <!-- @BeforeTest setup_Fun -->
  <testcase classname="utilities.global_Functions" name="@AfterTest TearDown" time="-1.632233650308E9">
    <skipped/>
  </testcase> <!-- @AfterTest TearDown -->
  <testcase classname="projectname_APIs_SmokeTestSuite_Scripts.projectname_ListUsers_Get_Reg" name="ListUsers" time="0.0">
    <skipped/>
  </testcase> <!-- ListUsers -->
  <testcase classname="projectname_APIs_SmokeTestSuite_Scripts.projectname_Login_Post_Req" name="FetchApplicant" time="0.0">
    <skipped/>
  </testcase> <!-- FetchApplicant -->
  <testcase classname="utilities.global_Functions" name="@BeforeTest setup_Fun" time="0.0">
    <ignored/>
  </testcase> <!-- @BeforeTest setup_Fun -->
  <testcase classname="utilities.global_Functions" name="@AfterTest TearDown" time="0.0">
    <ignored/>
  </testcase> <!-- @AfterTest TearDown -->
</testsuite> <!-- SmokeTest_Tests -->
